Determining if the getaddrinfo exist failed with the following output:
Change Dir: /home/kade/tools/obdgpslogger-0.16/build/CMakeFiles/CMakeTmp

Run Build Command:"/usr/bin/make" "cmTC_70c85/fast"
/usr/bin/make -f CMakeFiles/cmTC_70c85.dir/build.make CMakeFiles/cmTC_70c85.dir/build
make[1]: Entering directory '/home/kade/tools/obdgpslogger-0.16/build/CMakeFiles/CMakeTmp'
Building C object CMakeFiles/cmTC_70c85.dir/CheckSymbolExists.c.o
/usr/bin/cc     -o CMakeFiles/cmTC_70c85.dir/CheckSymbolExists.c.o   -c /home/kade/tools/obdgpslogger-0.16/build/CMakeFiles/CMakeTmp/CheckSymbolExists.c
/home/kade/tools/obdgpslogger-0.16/build/CMakeFiles/CMakeTmp/CheckSymbolExists.c: In function ‘main’:
/home/kade/tools/obdgpslogger-0.16/build/CMakeFiles/CMakeTmp/CheckSymbolExists.c:8:19: error: ‘getaddrinfo’ undeclared (first use in this function)
   return ((int*)(&getaddrinfo))[argc];
                   ^
/home/kade/tools/obdgpslogger-0.16/build/CMakeFiles/CMakeTmp/CheckSymbolExists.c:8:19: note: each undeclared identifier is reported only once for each function it appears in
CMakeFiles/cmTC_70c85.dir/build.make:65: recipe for target 'CMakeFiles/cmTC_70c85.dir/CheckSymbolExists.c.o' failed
make[1]: *** [CMakeFiles/cmTC_70c85.dir/CheckSymbolExists.c.o] Error 1
make[1]: Leaving directory '/home/kade/tools/obdgpslogger-0.16/build/CMakeFiles/CMakeTmp'
Makefile:126: recipe for target 'cmTC_70c85/fast' failed
make: *** [cmTC_70c85/fast] Error 2

File /home/kade/tools/obdgpslogger-0.16/build/CMakeFiles/CMakeTmp/CheckSymbolExists.c:
/* */
#include <sys/socket.h>

int main(int argc, char** argv)
{
  (void)argv;
#ifndef getaddrinfo
  return ((int*)(&getaddrinfo))[argc];
#else
  (void)argc;
  return 0;
#endif
}

Determining if the BTPROTO_RFCOMM exist failed with the following output:
Change Dir: /home/kade/tools/obdgpslogger-0.16/build/CMakeFiles/CMakeTmp

Run Build Command:"/usr/bin/make" "cmTC_04c39/fast"
/usr/bin/make -f CMakeFiles/cmTC_04c39.dir/build.make CMakeFiles/cmTC_04c39.dir/build
make[1]: Entering directory '/home/kade/tools/obdgpslogger-0.16/build/CMakeFiles/CMakeTmp'
Building C object CMakeFiles/cmTC_04c39.dir/CheckSymbolExists.c.o
/usr/bin/cc     -o CMakeFiles/cmTC_04c39.dir/CheckSymbolExists.c.o   -c /home/kade/tools/obdgpslogger-0.16/build/CMakeFiles/CMakeTmp/CheckSymbolExists.c
/home/kade/tools/obdgpslogger-0.16/build/CMakeFiles/CMakeTmp/CheckSymbolExists.c:2:33: fatal error: bluetooth/bluetooth.h: No such file or directory
 #include <bluetooth/bluetooth.h>
                                 ^
compilation terminated.
CMakeFiles/cmTC_04c39.dir/build.make:65: recipe for target 'CMakeFiles/cmTC_04c39.dir/CheckSymbolExists.c.o' failed
make[1]: *** [CMakeFiles/cmTC_04c39.dir/CheckSymbolExists.c.o] Error 1
make[1]: Leaving directory '/home/kade/tools/obdgpslogger-0.16/build/CMakeFiles/CMakeTmp'
Makefile:126: recipe for target 'cmTC_04c39/fast' failed
make: *** [cmTC_04c39/fast] Error 2

File /home/kade/tools/obdgpslogger-0.16/build/CMakeFiles/CMakeTmp/CheckSymbolExists.c:
/* */
#include <bluetooth/bluetooth.h>

int main(int argc, char** argv)
{
  (void)argv;
#ifndef BTPROTO_RFCOMM
  return ((int*)(&BTPROTO_RFCOMM))[argc];
#else
  (void)argc;
  return 0;
#endif
}

